{
  "stats": {
    "suites": 1,
    "tests": 8,
    "passes": 8,
    "pending": 0,
    "failures": 0,
    "start": "2024-06-29T10:10:01.065Z",
    "end": "2024-06-29T10:10:50.003Z",
    "duration": 48938,
    "testsRegistered": 8,
    "passPercent": 100,
    "pendingPercent": 0,
    "other": 0,
    "hasOther": false,
    "skipped": 0,
    "hasSkipped": false
  },
  "results": [
    {
      "uuid": "827c9389-47c1-4d41-b3e9-fa4bcd780c3a",
      "title": "",
      "fullFile": "cypress\\e2e\\registration.cy.js",
      "file": "cypress\\e2e\\registration.cy.js",
      "beforeHooks": [],
      "afterHooks": [],
      "tests": [],
      "suites": [
        {
          "uuid": "0a1a72fb-2dc3-4df7-917d-1f7762f7ccae",
          "title": "registration",
          "fullFile": "",
          "file": "",
          "beforeHooks": [],
          "afterHooks": [],
          "tests": [
            {
              "title": "register",
              "fullTitle": "registration register",
              "timedOut": null,
              "duration": 8196,
              "state": "passed",
              "speed": "medium",
              "pass": true,
              "fail": false,
              "pending": false,
              "context": null,
              "code": "cy.registration();\ncy.wait(1000);",
              "err": {},
              "uuid": "8db4613e-ebc6-400a-8e4a-216a19eb1c24",
              "parentUUID": "0a1a72fb-2dc3-4df7-917d-1f7762f7ccae",
              "isHook": false,
              "skipped": false
            },
            {
              "title": "login",
              "fullTitle": "registration login",
              "timedOut": null,
              "duration": 3839,
              "state": "passed",
              "speed": "fast",
              "pass": true,
              "fail": false,
              "pending": false,
              "context": null,
              "code": "cy.login();\ncy.wait(1000);",
              "err": {},
              "uuid": "04ade01e-125c-4e85-becb-11c012b23adf",
              "parentUUID": "0a1a72fb-2dc3-4df7-917d-1f7762f7ccae",
              "isHook": false,
              "skipped": false
            },
            {
              "title": "update profile",
              "fullTitle": "registration update profile",
              "timedOut": null,
              "duration": 9001,
              "state": "passed",
              "speed": "medium",
              "pass": true,
              "fail": false,
              "pending": false,
              "context": null,
              "code": "cy.updateprofile();\ncy.wait(1000);",
              "err": {},
              "uuid": "fed55152-9109-40b5-a8ab-e7ea2f28c387",
              "parentUUID": "0a1a72fb-2dc3-4df7-917d-1f7762f7ccae",
              "isHook": false,
              "skipped": false
            },
            {
              "title": "add notes",
              "fullTitle": "registration add notes",
              "timedOut": null,
              "duration": 6726,
              "state": "passed",
              "speed": "medium",
              "pass": true,
              "fail": false,
              "pending": false,
              "context": null,
              "code": "cy.addNote();\ncy.wait(1000);",
              "err": {},
              "uuid": "497063b8-7143-4bd9-b7f5-c53e06ad3760",
              "parentUUID": "0a1a72fb-2dc3-4df7-917d-1f7762f7ccae",
              "isHook": false,
              "skipped": false
            },
            {
              "title": "edit notes",
              "fullTitle": "registration edit notes",
              "timedOut": null,
              "duration": 5686,
              "state": "passed",
              "speed": "medium",
              "pass": true,
              "fail": false,
              "pending": false,
              "context": null,
              "code": "cy.editNote();\ncy.wait(1000);",
              "err": {},
              "uuid": "4d5151b7-d54d-4af5-b719-9ab2af5a5801",
              "parentUUID": "0a1a72fb-2dc3-4df7-917d-1f7762f7ccae",
              "isHook": false,
              "skipped": false
            },
            {
              "title": "delete notes",
              "fullTitle": "registration delete notes",
              "timedOut": null,
              "duration": 4100,
              "state": "passed",
              "speed": "fast",
              "pass": true,
              "fail": false,
              "pending": false,
              "context": null,
              "code": "cy.deleteNote();\ncy.wait(1000);",
              "err": {},
              "uuid": "a40efebf-f697-419e-b424-f7962894cc14",
              "parentUUID": "0a1a72fb-2dc3-4df7-917d-1f7762f7ccae",
              "isHook": false,
              "skipped": false
            },
            {
              "title": "logout",
              "fullTitle": "registration logout",
              "timedOut": null,
              "duration": 4288,
              "state": "passed",
              "speed": "fast",
              "pass": true,
              "fail": false,
              "pending": false,
              "context": null,
              "code": "cy.destroySession();\ncy.wait(1000);",
              "err": {},
              "uuid": "5571f260-f23f-425b-ae98-e08337089c40",
              "parentUUID": "0a1a72fb-2dc3-4df7-917d-1f7762f7ccae",
              "isHook": false,
              "skipped": false
            },
            {
              "title": "delete account",
              "fullTitle": "registration delete account",
              "timedOut": null,
              "duration": 4537,
              "state": "passed",
              "speed": "fast",
              "pass": true,
              "fail": false,
              "pending": false,
              "context": null,
              "code": "cy.deleteAccount();",
              "err": {},
              "uuid": "cac0145d-1ee9-440b-ab09-883a684b6d45",
              "parentUUID": "0a1a72fb-2dc3-4df7-917d-1f7762f7ccae",
              "isHook": false,
              "skipped": false
            }
          ],
          "suites": [],
          "passes": [
            "8db4613e-ebc6-400a-8e4a-216a19eb1c24",
            "04ade01e-125c-4e85-becb-11c012b23adf",
            "fed55152-9109-40b5-a8ab-e7ea2f28c387",
            "497063b8-7143-4bd9-b7f5-c53e06ad3760",
            "4d5151b7-d54d-4af5-b719-9ab2af5a5801",
            "a40efebf-f697-419e-b424-f7962894cc14",
            "5571f260-f23f-425b-ae98-e08337089c40",
            "cac0145d-1ee9-440b-ab09-883a684b6d45"
          ],
          "failures": [],
          "pending": [],
          "skipped": [],
          "duration": 46373,
          "root": false,
          "rootEmpty": false,
          "_timeout": 2000
        }
      ],
      "passes": [],
      "failures": [],
      "pending": [],
      "skipped": [],
      "duration": 0,
      "root": true,
      "rootEmpty": true,
      "_timeout": 2000
    }
  ],
  "meta": {
    "mocha": {
      "version": "7.0.1"
    },
    "mochawesome": {
      "options": {
        "quiet": false,
        "reportFilename": "mochawesome",
        "saveHtml": false,
        "saveJson": true,
        "consoleReporter": "spec",
        "useInlineDiffs": false,
        "code": true
      },
      "version": "7.1.3"
    },
    "marge": {
      "options": {
        "reportDir": "cypress/results",
        "overwrite": false,
        "html": false,
        "json": true
      },
      "version": "6.2.0"
    }
  }
}